<?xml version="1.0" encoding="UTF-8"?>
<testsuite xmlns:xsi="http://www.w3.org/2001/XMLSchema-instance" xsi:schemaLocation="https://maven.apache.org/surefire/maven-surefire-plugin/xsd/surefire-test-report.xsd" name="stepDefinitions.RunnerTest" time="201.383" tests="63" errors="0" skipped="3" failures="6">
  <properties>
[...]
</properties>
  <testcase name="Given I am on the Homepage" classname="| automationsoftskills@gmail.com | today01 | David Mike |" time="0.001"/>
  <testcase name="And I click on sign in" classname="| automationsoftskills@gmail.com | today01 | David Mike |" time="0"/>
  <testcase name="And I enter my email &quot;automationsoftskills@gmail.com&quot; address" classname="| automationsoftskills@gmail.com | today01 | David Mike |" time="0"/>
  <testcase name="And I enter my password &quot;today01&quot;" classname="| automationsoftskills@gmail.com | today01 | David Mike |" time="0"/>
  <testcase name="When I click on te sign in button" classname="| automationsoftskills@gmail.com | today01 | David Mike |" time="0"/>
  <testcase name="Then I verify that my &quot;David Mike&quot; is displayed" classname="| automationsoftskills@gmail.com | today01 | David Mike |" time="0.005">
    <failure message="expected:&lt;[]&gt; but was:&lt;[David Mike]&gt;" type="org.junit.ComparisonFailure"><![CDATA[org.junit.ComparisonFailure: expected:<[]> but was:<[David Mike]>
]]></failure>
    <system-out><![CDATA[
]]></system-out>
  </testcase>
  <testcase name="| automationsoftskills@gmail.com | today01 | David Mike |" classname="| automationsoftskills@gmail.com | today01 | David Mike |" time="0.005">
    <failure message="expected:&lt;[]&gt; but was:&lt;[David Mike]&gt;" type="org.junit.ComparisonFailure"><![CDATA[org.junit.ComparisonFailure: expected:<[]> but was:<[David Mike]>
]]></failure>
  </testcase>
  <testcase name="And I sign out" classname="| automationsoftskills@gmail.com | today01 | David Mike |" time="0">
    <skipped/>
  </testcase>
  <testcase name="Given I am on the Homepage" classname="| mike261@gmail.com | today01 | Mary Sara |" time="0"/>
  <testcase name="And I click on sign in" classname="| mike261@gmail.com | today01 | Mary Sara |" time="0"/>
  <testcase name="And I enter my email &quot;mike261@gmail.com&quot; address" classname="| mike261@gmail.com | today01 | Mary Sara |" time="0"/>
  <testcase name="And I enter my password &quot;today01&quot;" classname="| mike261@gmail.com | today01 | Mary Sara |" time="0"/>
  <testcase name="When I click on te sign in button" classname="| mike261@gmail.com | today01 | Mary Sara |" time="0"/>
  <testcase name="Then I verify that my &quot;Mary Sara&quot; is displayed" classname="| mike261@gmail.com | today01 | Mary Sara |" time="0">
    <failure message="expected:&lt;[]&gt; but was:&lt;[Mary Sara]&gt;" type="org.junit.ComparisonFailure"><![CDATA[org.junit.ComparisonFailure: expected:<[]> but was:<[Mary Sara]>
]]></failure>
    <system-out><![CDATA[
]]></system-out>
  </testcase>
  <testcase name="| mike261@gmail.com | today01 | Mary Sara |" classname="| mike261@gmail.com | today01 | Mary Sara |" time="0.001">
    <failure message="expected:&lt;[]&gt; but was:&lt;[Mary Sara]&gt;" type="org.junit.ComparisonFailure"><![CDATA[org.junit.ComparisonFailure: expected:<[]> but was:<[Mary Sara]>
]]></failure>
  </testcase>
  <testcase name="And I sign out" classname="| mike261@gmail.com | today01 | Mary Sara |" time="0">
    <skipped/>
  </testcase>
  <testcase name="Given I am on the Homepage" classname="| esther@yahoo.com | monday01 | Esther agnes |" time="0"/>
  <testcase name="And I click on sign in" classname="| esther@yahoo.com | monday01 | Esther agnes |" time="0"/>
  <testcase name="And I enter my email &quot;esther@yahoo.com&quot; address" classname="| esther@yahoo.com | monday01 | Esther agnes |" time="0"/>
  <testcase name="And I enter my password &quot;monday01&quot;" classname="| esther@yahoo.com | monday01 | Esther agnes |" time="0"/>
  <testcase name="When I click on te sign in button" classname="| esther@yahoo.com | monday01 | Esther agnes |" time="0"/>
  <testcase name="Then I verify that my &quot;Esther agnes&quot; is displayed" classname="| esther@yahoo.com | monday01 | Esther agnes |" time="0.001">
    <failure message="expected:&lt;[]&gt; but was:&lt;[Esther agnes]&gt;" type="org.junit.ComparisonFailure"><![CDATA[org.junit.ComparisonFailure: expected:<[]> but was:<[Esther agnes]>
]]></failure>
    <system-out><![CDATA[
]]></system-out>
  </testcase>
  <testcase name="| esther@yahoo.com | monday01 | Esther agnes |" classname="| esther@yahoo.com | monday01 | Esther agnes |" time="0.001">
    <failure message="expected:&lt;[]&gt; but was:&lt;[Esther agnes]&gt;" type="org.junit.ComparisonFailure"><![CDATA[org.junit.ComparisonFailure: expected:<[]> but was:<[Esther agnes]>
]]></failure>
  </testcase>
  <testcase name="And I sign out" classname="| esther@yahoo.com | monday01 | Esther agnes |" time="0">
    <skipped/>
  </testcase>
  <testcase name="Given I am on the Homepage" classname="Scenario: As a registered user when I try to create an account with email already registered error message should be displayed" time="0"/>
  <testcase name="And I click on sign in" classname="Scenario: As a registered user when I try to create an account with email already registered error message should be displayed" time="0"/>
  <testcase name="And I enter email addres that is already in use" classname="Scenario: As a registered user when I try to create an account with email already registered error message should be displayed" time="0"/>
  <testcase name="When I click on the create account button" classname="Scenario: As a registered user when I try to create an account with email already registered error message should be displayed" time="0"/>
  <testcase name="Then I should see an error message" classname="Scenario: As a registered user when I try to create an account with email already registered error message should be displayed" time="0"/>
  <testcase name="Scenario: As a registered user when I try to create an account with email already registered error message should be displayed" classname="Scenario: As a registered user when I try to create an account with email already registered error message should be displayed" time="0"/>
  <testcase name="Given I am on the Homepage" classname="Scenario: Register New User" time="0"/>
  <testcase name="And I click on sign in" classname="Scenario: Register New User" time="0"/>
  <testcase name="And I enter my new &quot;mary&quot; address" classname="Scenario: Register New User" time="0"/>
  <testcase name="And I click on the create account button" classname="Scenario: Register New User" time="0"/>
  <testcase name="And I click on the male radio button" classname="Scenario: Register New User" time="0"/>
  <testcase name="And I enter a firstname &quot;Mary&quot;" classname="Scenario: Register New User" time="0"/>
  <testcase name="And I enter a lastname &quot;Williams&quot;" classname="Scenario: Register New User" time="0"/>
  <testcase name="And I enter a password &quot;Sunday01&quot;" classname="Scenario: Register New User" time="0"/>
  <testcase name="And I enter date of birth" classname="Scenario: Register New User" time="0"/>
  <testcase name="When I click on register button" classname="Scenario: Register New User" time="0"/>
  <testcase name="Then I am registered successfully" classname="Scenario: Register New User" time="0"/>
  <testcase name="Scenario: Register New User" classname="Scenario: Register New User" time="0"/>
  <testcase name="Given I am on the Homepage" classname="Scenario: As a user I want to search for an item" time="0"/>
  <testcase name="And I search for &quot;shirt&quot; in the search input box" classname="Scenario: As a user I want to search for an item" time="0"/>
  <testcase name="And I see search product listing page" classname="Scenario: As a user I want to search for an item" time="0"/>
  <testcase name="When I click on the first item on page" classname="Scenario: As a user I want to search for an item" time="0"/>
  <testcase name="Then I verify search description &quot;Faded Short Sleeves T-shirt&quot; on the product page" classname="Scenario: As a user I want to search for an item" time="0"/>
  <testcase name="And I also see option to slect sizes" classname="Scenario: As a user I want to search for an item" time="0"/>
  <testcase name="Scenario: As a user I want to search for an item" classname="Scenario: As a user I want to search for an item" time="0"/>
  <testcase name="Given I am on the Homepage" classname="Scenario: As a user I want to search for an item and check if its available in stock" time="0"/>
  <testcase name="And I search for &quot;shirt&quot; in the search input box" classname="Scenario: As a user I want to search for an item and check if its available in stock" time="0"/>
  <testcase name="And I see search product listing page" classname="Scenario: As a user I want to search for an item and check if its available in stock" time="0"/>
  <testcase name="When I click on the first item on page" classname="Scenario: As a user I want to search for an item and check if its available in stock" time="0"/>
  <testcase name="Then I verify search description &quot;Faded Short Sleeves T-shirt&quot; on the product page" classname="Scenario: As a user I want to search for an item and check if its available in stock" time="0"/>
  <testcase name="And I also see option to slect sizes" classname="Scenario: As a user I want to search for an item and check if its available in stock" time="0"/>
  <testcase name="Scenario: As a user I want to search for an item and check if its available in stock" classname="Scenario: As a user I want to search for an item and check if its available in stock" time="0"/>
  <testcase name="Given I am on the Homepage" classname="Scenario: As a user I want to search for an item and check if its out of stock" time="0"/>
  <testcase name="And I search for &quot;shirt&quot; in the search input box" classname="Scenario: As a user I want to search for an item and check if its out of stock" time="0"/>
  <testcase name="And I see search product listing page" classname="Scenario: As a user I want to search for an item and check if its out of stock" time="0"/>
  <testcase name="When I click on the first item on page" classname="Scenario: As a user I want to search for an item and check if its out of stock" time="0"/>
  <testcase name="Then I verify search description &quot;Faded Short Sleeves T-shirt&quot; on the product page" classname="Scenario: As a user I want to search for an item and check if its out of stock" time="0"/>
  <testcase name="And I also see option to slect sizes" classname="Scenario: As a user I want to search for an item and check if its out of stock" time="0"/>
  <testcase name="Scenario: As a user I want to search for an item and check if its out of stock" classname="Scenario: As a user I want to search for an item and check if its out of stock" time="0"/>
</testsuite>